# JRE version: Java(TM) SE Runtime Environment (7.0_79-b15) (build 1.7.0_79-b15)
# Java VM: Java HotSpot(TM) Client VM (24.79-b02 mixed mode, sharing windows-x86 )
Heap
 def new generation   total 4928K, used 456K [0x24800000, 0x24d50000, 0x29d50000)
  eden space 4416K,  10% used [0x24800000, 0x24871920, 0x24c50000)
  from space 512K,   0% used [0x24c50000, 0x24c508b0, 0x24cd0000)
  to   space 512K,   0% used [0x24cd0000, 0x24cd0000, 0x24d50000)
 tenured generation   total 10944K, used 245K [0x29d50000, 0x2a800000, 0x34800000)
   the space 10944K,   2% used [0x29d50000, 0x29d8d750, 0x29d8d800, 0x2a800000)
 compacting perm gen  total 12288K, used 584K [0x34800000, 0x35400000, 0x38800000)
   the space 12288K,   4% used [0x34800000, 0x34892068, 0x34892200, 0x35400000)
    ro space 10240K,  42% used [0x38800000, 0x38c36058, 0x38c36200, 0x39200000)
    rw space 12288K,  51% used [0x39200000, 0x3983bdb0, 0x3983be00, 0x39e00000)
GC Heap History (10 events):
Event: 497.513 GC heap before
{Heap before GC invocations=9 (full 0):
 def new generation   total 4928K, used 4416K [0x24800000, 0x24d50000, 0x29d50000)
  eden space 4416K, 100% used [0x24800000, 0x24c50000, 0x24c50000)
  from space 512K,   0% used [0x24cd0000, 0x24cd0348, 0x24d50000)
  to   space 512K,   0% used [0x24c50000, 0x24c50000, 0x24cd0000)
 tenured generation   total 10944K, used 245K [0x29d50000, 0x2a800000, 0x34800000)
   the space 10944K,   2% used [0x29d50000, 0x29d8d750, 0x29d8d800, 0x2a800000)
 compacting perm gen  total 12288K, used 584K [0x34800000, 0x35400000, 0x38800000)
   the space 12288K,   4% used [0x34800000, 0x34892068, 0x34892200, 0x35400000)
    ro space 10240K,  42% used [0x38800000, 0x38c36058, 0x38c36200, 0x39200000)
    rw space 12288K,  51% used [0x39200000, 0x3983bdb0, 0x3983be00, 0x39e00000)
Event: 497.513 GC heap after
Heap after GC invocations=10 (full 0):
 def new generation   total 4928K, used 0K [0x24800000, 0x24d50000, 0x29d50000)
  eden space 4416K,   0% used [0x24800000, 0x24800000, 0x24c50000)
  from space 512K,   0% used [0x24c50000, 0x24c502a8, 0x24cd0000)
  to   space 512K,   0% used [0x24cd0000, 0x24cd0000, 0x24d50000)
 tenured generation   total 10944K, used 245K [0x29d50000, 0x2a800000, 0x34800000)
   the space 10944K,   2% used [0x29d50000, 0x29d8d750, 0x29d8d800, 0x2a800000)
 compacting perm gen  total 12288K, used 584K [0x34800000, 0x35400000, 0x38800000)
   the space 12288K,   4% used [0x34800000, 0x34892068, 0x34892200, 0x35400000)
    ro space 10240K,  42% used [0x38800000, 0x38c36058, 0x38c36200, 0x39200000)
    rw space 12288K,  51% used [0x39200000, 0x3983bdb0, 0x3983be00, 0x39e00000)
}
Event: 541.810 GC heap before
{Heap before GC invocations=10 (full 0):
 def new generation   total 4928K, used 4416K [0x24800000, 0x24d50000, 0x29d50000)
  eden space 4416K, 100% used [0x24800000, 0x24c50000, 0x24c50000)
  from space 512K,   0% used [0x24c50000, 0x24c502a8, 0x24cd0000)
  to   space 512K,   0% used [0x24cd0000, 0x24cd0000, 0x24d50000)
 tenured generation   total 10944K, used 245K [0x29d50000, 0x2a800000, 0x34800000)
   the space 10944K,   2% used [0x29d50000, 0x29d8d750, 0x29d8d800, 0x2a800000)
 compacting perm gen  total 12288K, used 584K [0x34800000, 0x35400000, 0x38800000)
   the space 12288K,   4% used [0x34800000, 0x34892068, 0x34892200, 0x35400000)
    ro space 10240K,  42% used [0x38800000, 0x38c36058, 0x38c36200, 0x39200000)
    rw space 12288K,  51% used [0x39200000, 0x3983bdb0, 0x3983be00, 0x39e00000)
Event: 541.810 GC heap after
Heap after GC invocations=11 (full 0):
 def new generation   total 4928K, used 0K [0x24800000, 0x24d50000, 0x29d50000)
  eden space 4416K,   0% used [0x24800000, 0x24800000, 0x24c50000)
  from space 512K,   0% used [0x24cd0000, 0x24cd02b8, 0x24d50000)
  to   space 512K,   0% used [0x24c50000, 0x24c50000, 0x24cd0000)
 tenured generation   total 10944K, used 245K [0x29d50000, 0x2a800000, 0x34800000)
   the space 10944K,   2% used [0x29d50000, 0x29d8d750, 0x29d8d800, 0x2a800000)
 compacting perm gen  total 12288K, used 584K [0x34800000, 0x35400000, 0x38800000)
   the space 12288K,   4% used [0x34800000, 0x34892068, 0x34892200, 0x35400000)
    ro space 10240K,  42% used [0x38800000, 0x38c36058, 0x38c36200, 0x39200000)
    rw space 12288K,  51% used [0x39200000, 0x3983bdb0, 0x3983be00, 0x39e00000)
}
Event: 586.091 GC heap before
{Heap before GC invocations=11 (full 0):
 def new generation   total 4928K, used 4416K [0x24800000, 0x24d50000, 0x29d50000)
  eden space 4416K, 100% used [0x24800000, 0x24c50000, 0x24c50000)
  from space 512K,   0% used [0x24cd0000, 0x24cd02b8, 0x24d50000)
  to   space 512K,   0% used [0x24c50000, 0x24c50000, 0x24cd0000)
 tenured generation   total 10944K, used 245K [0x29d50000, 0x2a800000, 0x34800000)
   the space 10944K,   2% used [0x29d50000, 0x29d8d750, 0x29d8d800, 0x2a800000)
 compacting perm gen  total 12288K, used 584K [0x34800000, 0x35400000, 0x38800000)
   the space 12288K,   4% used [0x34800000, 0x34892068, 0x34892200, 0x35400000)
    ro space 10240K,  42% used [0x38800000, 0x38c36058, 0x38c36200, 0x39200000)
    rw space 12288K,  51% used [0x39200000, 0x3983bdb0, 0x3983be00, 0x39e00000)
Event: 586.091 GC heap after
Heap after GC invocations=12 (full 0):
 def new generation   total 4928K, used 0K [0x24800000, 0x24d50000, 0x29d50000)
  eden space 4416K,   0% used [0x24800000, 0x24800000, 0x24c50000)
  from space 512K,   0% used [0x24c50000, 0x24c503f0, 0x24cd0000)
  to   space 512K,   0% used [0x24cd0000, 0x24cd0000, 0x24d50000)
 tenured generation   total 10944K, used 245K [0x29d50000, 0x2a800000, 0x34800000)
   the space 10944K,   2% used [0x29d50000, 0x29d8d750, 0x29d8d800, 0x2a800000)
 compacting perm gen  total 12288K, used 584K [0x34800000, 0x35400000, 0x38800000)
   the space 12288K,   4% used [0x34800000, 0x34892068, 0x34892200, 0x35400000)
    ro space 10240K,  42% used [0x38800000, 0x38c36058, 0x38c36200, 0x39200000)
    rw space 12288K,  51% used [0x39200000, 0x3983bdb0, 0x3983be00, 0x39e00000)
}
Event: 630.388 GC heap before
{Heap before GC invocations=12 (full 0):
 def new generation   total 4928K, used 4416K [0x24800000, 0x24d50000, 0x29d50000)
  eden space 4416K, 100% used [0x24800000, 0x24c50000, 0x24c50000)
  from space 512K,   0% used [0x24c50000, 0x24c503f0, 0x24cd0000)
  to   space 512K,   0% used [0x24cd0000, 0x24cd0000, 0x24d50000)
 tenured generation   total 10944K, used 245K [0x29d50000, 0x2a800000, 0x34800000)
   the space 10944K,   2% used [0x29d50000, 0x29d8d750, 0x29d8d800, 0x2a800000)
 compacting perm gen  total 12288K, used 584K [0x34800000, 0x35400000, 0x38800000)
   the space 12288K,   4% used [0x34800000, 0x34892068, 0x34892200, 0x35400000)
    ro space 10240K,  42% used [0x38800000, 0x38c36058, 0x38c36200, 0x39200000)
    rw space 12288K,  51% used [0x39200000, 0x3983bdb0, 0x3983be00, 0x39e00000)
Event: 630.388 GC heap after
Heap after GC invocations=13 (full 0):
 def new generation   total 4928K, used 0K [0x24800000, 0x24d50000, 0x29d50000)
  eden space 4416K,   0% used [0x24800000, 0x24800000, 0x24c50000)
  from space 512K,   0% used [0x24cd0000, 0x24cd03f0, 0x24d50000)
  to   space 512K,   0% used [0x24c50000, 0x24c50000, 0x24cd0000)
 tenured generation   total 10944K, used 245K [0x29d50000, 0x2a800000, 0x34800000)
   the space 10944K,   2% used [0x29d50000, 0x29d8d750, 0x29d8d800, 0x2a800000)
 compacting perm gen  total 12288K, used 584K [0x34800000, 0x35400000, 0x38800000)
   the space 12288K,   4% used [0x34800000, 0x34892068, 0x34892200, 0x35400000)
    ro space 10240K,  42% used [0x38800000, 0x38c36058, 0x38c36200, 0x39200000)
    rw space 12288K,  51% used [0x39200000, 0x3983bdb0, 0x3983be00, 0x39e00000)
}
Event: 678.998 GC heap before
{Heap before GC invocations=13 (full 0):
 def new generation   total 4928K, used 4416K [0x24800000, 0x24d50000, 0x29d50000)
  eden space 4416K, 100% used [0x24800000, 0x24c50000, 0x24c50000)
  from space 512K,   0% used [0x24cd0000, 0x24cd03f0, 0x24d50000)
  to   space 512K,   0% used [0x24c50000, 0x24c50000, 0x24cd0000)
 tenured generation   total 10944K, used 245K [0x29d50000, 0x2a800000, 0x34800000)
   the space 10944K,   2% used [0x29d50000, 0x29d8d750, 0x29d8d800, 0x2a800000)
 compacting perm gen  total 12288K, used 584K [0x34800000, 0x35400000, 0x38800000)
   the space 12288K,   4% used [0x34800000, 0x34892068, 0x34892200, 0x35400000)
    ro space 10240K,  42% used [0x38800000, 0x38c36058, 0x38c36200, 0x39200000)
    rw space 12288K,  51% used [0x39200000, 0x3983bdb0, 0x3983be00, 0x39e00000)
Event: 678.998 GC heap after
Heap after GC invocations=14 (full 0):
 def new generation   total 4928K, used 2K [0x24800000, 0x24d50000, 0x29d50000)
  eden space 4416K,   0% used [0x24800000, 0x24800000, 0x24c50000)
  from space 512K,   0% used [0x24c50000, 0x24c508b0, 0x24cd0000)
  to   space 512K,   0% used [0x24cd0000, 0x24cd0000, 0x24d50000)
 tenured generation   total 10944K, used 245K [0x29d50000, 0x2a800000, 0x34800000)
   the space 10944K,   2% used [0x29d50000, 0x29d8d750, 0x29d8d800, 0x2a800000)
 compacting perm gen  total 12288K, used 584K [0x34800000, 0x35400000, 0x38800000)
   the space 12288K,   4% used [0x34800000, 0x34892068, 0x34892200, 0x35400000)
    ro space 10240K,  42% used [0x38800000, 0x38c36058, 0x38c36200, 0x39200000)
    rw space 12288K,  51% used [0x39200000, 0x3983bdb0, 0x3983be00, 0x39e00000)
}

